# JRE version: OpenJDK Runtime Environment Microsoft-8035246 (17.0.8+7) (build 17.0.8+7-LTS)
# Java VM: OpenJDK 64-Bit Server VM Microsoft-8035246 (17.0.8+7-LTS, mixed mode, sharing, tiered, compressed oops, compressed class ptrs, g1 gc, windows-amd64)
GC Precious Log:
 CPUs: 4 total, 4 available
 Memory: 8071M
 Large Page Support: Disabled
 NUMA Support: Disabled
 Compressed Oops: Enabled (32-bit)
 Heap Region Size: 1M
 Heap Min Capacity: 8M
 Heap Initial Capacity: 128M
 Heap Max Capacity: 2G
 Pre-touch: Disabled
 Parallel Workers: 4
 Concurrent Workers: 1
 Concurrent Refinement Workers: 4
 Periodic GC: Disabled
Heap:
 garbage-first heap   total 233472K, used 187459K [0x0000000080000000, 0x0000000100000000)
  region size 1024K, 24 young (24576K), 3 survivors (3072K)
 Metaspace       used 101543K, committed 102464K, reserved 557056K
  class space    used 14010K, committed 14464K, reserved 425984K
GC Heap History (20 events):
Event: 44.657 GC heap before
{Heap before GC invocations=45 (full 0):
 garbage-first heap   total 233472K, used 183454K [0x0000000080000000, 0x0000000100000000)
  region size 1024K, 88 young (90112K), 1 survivors (1024K)
 Metaspace       used 87889K, committed 88704K, reserved 557056K
  class space    used 12299K, committed 12672K, reserved 425984K
}
Event: 44.669 GC heap after
{Heap after GC invocations=46 (full 0):
 garbage-first heap   total 233472K, used 100316K [0x0000000080000000, 0x0000000100000000)
  region size 1024K, 7 young (7168K), 7 survivors (7168K)
 Metaspace       used 87889K, committed 88704K, reserved 557056K
  class space    used 12299K, committed 12672K, reserved 425984K
}
Event: 47.625 GC heap before
{Heap before GC invocations=46 (full 0):
 garbage-first heap   total 233472K, used 191452K [0x0000000080000000, 0x0000000100000000)
  region size 1024K, 91 young (93184K), 7 survivors (7168K)
 Metaspace       used 89927K, committed 90752K, reserved 557056K
  class space    used 12585K, committed 12992K, reserved 425984K
}
Event: 47.654 GC heap after
{Heap after GC invocations=47 (full 0):
 garbage-first heap   total 233472K, used 123245K [0x0000000080000000, 0x0000000100000000)
  region size 1024K, 12 young (12288K), 12 survivors (12288K)
 Metaspace       used 89927K, committed 90752K, reserved 557056K
  class space    used 12585K, committed 12992K, reserved 425984K
}
Event: 49.869 GC heap before
{Heap before GC invocations=47 (full 0):
 garbage-first heap   total 233472K, used 185709K [0x0000000080000000, 0x0000000100000000)
  region size 1024K, 72 young (73728K), 12 survivors (12288K)
 Metaspace       used 92007K, committed 92928K, reserved 557056K
  class space    used 12863K, committed 13312K, reserved 425984K
}
Event: 49.891 GC heap after
{Heap after GC invocations=48 (full 0):
 garbage-first heap   total 233472K, used 136014K [0x0000000080000000, 0x0000000100000000)
  region size 1024K, 9 young (9216K), 9 survivors (9216K)
 Metaspace       used 92007K, committed 92928K, reserved 557056K
  class space    used 12863K, committed 13312K, reserved 425984K
}
Event: 51.714 GC heap before
{Heap before GC invocations=48 (full 0):
 garbage-first heap   total 233472K, used 189262K [0x0000000080000000, 0x0000000100000000)
  region size 1024K, 61 young (62464K), 9 survivors (9216K)
 Metaspace       used 96335K, committed 97280K, reserved 557056K
  class space    used 13455K, committed 13952K, reserved 425984K
}
Event: 51.736 GC heap after
{Heap after GC invocations=49 (full 0):
 garbage-first heap   total 233472K, used 140918K [0x0000000080000000, 0x0000000100000000)
  region size 1024K, 5 young (5120K), 5 survivors (5120K)
 Metaspace       used 96335K, committed 97280K, reserved 557056K
  class space    used 13455K, committed 13952K, reserved 425984K
}
Event: 53.376 GC heap before
{Heap before GC invocations=49 (full 0):
 garbage-first heap   total 233472K, used 191094K [0x0000000080000000, 0x0000000100000000)
  region size 1024K, 54 young (55296K), 5 survivors (5120K)
 Metaspace       used 97768K, committed 98752K, reserved 557056K
  class space    used 13623K, committed 14080K, reserved 425984K
}
Event: 53.397 GC heap after
{Heap after GC invocations=50 (full 0):
 garbage-first heap   total 233472K, used 145739K [0x0000000080000000, 0x0000000100000000)
  region size 1024K, 6 young (6144K), 6 survivors (6144K)
 Metaspace       used 97768K, committed 98752K, reserved 557056K
  class space    used 13623K, committed 14080K, reserved 425984K
}
Event: 54.724 GC heap before
{Heap before GC invocations=50 (full 0):
 garbage-first heap   total 233472K, used 190795K [0x0000000080000000, 0x0000000100000000)
  region size 1024K, 51 young (52224K), 6 survivors (6144K)
 Metaspace       used 99127K, committed 100096K, reserved 557056K
  class space    used 13735K, committed 14208K, reserved 425984K
}
Event: 54.749 GC heap after
{Heap after GC invocations=51 (full 0):
 garbage-first heap   total 233472K, used 152230K [0x0000000080000000, 0x0000000100000000)
  region size 1024K, 7 young (7168K), 7 survivors (7168K)
 Metaspace       used 99127K, committed 100096K, reserved 557056K
  class space    used 13735K, committed 14208K, reserved 425984K
}
Event: 56.185 GC heap before
{Heap before GC invocations=51 (full 0):
 garbage-first heap   total 233472K, used 197286K [0x0000000080000000, 0x0000000100000000)
  region size 1024K, 47 young (48128K), 7 survivors (7168K)
 Metaspace       used 100686K, committed 101632K, reserved 557056K
  class space    used 13899K, committed 14400K, reserved 425984K
}
Event: 56.200 GC heap after
{Heap after GC invocations=52 (full 0):
 garbage-first heap   total 233472K, used 154875K [0x0000000080000000, 0x0000000100000000)
  region size 1024K, 3 young (3072K), 3 survivors (3072K)
 Metaspace       used 100686K, committed 101632K, reserved 557056K
  class space    used 13899K, committed 14400K, reserved 425984K
}
Event: 57.243 GC heap before
{Heap before GC invocations=52 (full 0):
 garbage-first heap   total 233472K, used 194811K [0x0000000080000000, 0x0000000100000000)
  region size 1024K, 43 young (44032K), 3 survivors (3072K)
 Metaspace       used 101276K, committed 102272K, reserved 557056K
  class space    used 13999K, committed 14464K, reserved 425984K
}
Event: 57.255 GC heap after
{Heap after GC invocations=53 (full 0):
 garbage-first heap   total 233472K, used 157929K [0x0000000080000000, 0x0000000100000000)
  region size 1024K, 6 young (6144K), 6 survivors (6144K)
 Metaspace       used 101276K, committed 102272K, reserved 557056K
  class space    used 13999K, committed 14464K, reserved 425984K
}
Event: 58.371 GC heap before
{Heap before GC invocations=53 (full 0):
 garbage-first heap   total 233472K, used 198889K [0x0000000080000000, 0x0000000100000000)
  region size 1024K, 43 young (44032K), 6 survivors (6144K)
 Metaspace       used 101277K, committed 102272K, reserved 557056K
  class space    used 13999K, committed 14464K, reserved 425984K
}
Event: 58.383 GC heap after
{Heap after GC invocations=54 (full 0):
 garbage-first heap   total 233472K, used 160730K [0x0000000080000000, 0x0000000100000000)
  region size 1024K, 3 young (3072K), 3 survivors (3072K)
 Metaspace       used 101277K, committed 102272K, reserved 557056K
  class space    used 13999K, committed 14464K, reserved 425984K
}
Event: 59.546 GC heap before
{Heap before GC invocations=54 (full 0):
 garbage-first heap   total 233472K, used 196570K [0x0000000080000000, 0x0000000100000000)
  region size 1024K, 39 young (39936K), 3 survivors (3072K)
 Metaspace       used 101407K, committed 102336K, reserved 557056K
  class space    used 13999K, committed 14464K, reserved 425984K
}
Event: 59.553 GC heap after
{Heap after GC invocations=55 (full 0):
 garbage-first heap   total 233472K, used 163907K [0x0000000080000000, 0x0000000100000000)
  region size 1024K, 3 young (3072K), 3 survivors (3072K)
 Metaspace       used 101407K, committed 102336K, reserved 557056K
  class space    used 13999K, committed 14464K, reserved 425984K
}

